
> spellcastersdb@1.0.27 test:coverage
> vitest run --coverage


[1m[46m RUN [49m[22m [36mv4.0.18 [39m[90m/home/turtickler/projects/spellcastersdb[39m
      [2mCoverage enabled with [22m[33mv8[39m

[90mstderr[2m | src/features/shared/deck/ui/__tests__/DeckSlot.test.tsx[2m > [22m[2mDeckSlot UI Layout[2m > [22m[2mrenders filled slot with overflow-visible to prevent clipping
[22m[39mReceived `true` for a non-boolean attribute `fill`.

If you want to write it to the DOM, pass a string instead: fill="true" or fill={value.toString()}.
Received `true` for a non-boolean attribute `unoptimized`.

If you want to write it to the DOM, pass a string instead: unoptimized="true" or unoptimized={value.toString()}.

 [32m✓[39m src/__tests__/adversarial/deck-backup-adversarial.test.ts [2m([22m[2m12 tests[22m[2m)[22m[32m 109[2mms[22m[39m
 [32m✓[39m src/features/shared/deck/ui/__tests__/DeckSlot.test.tsx [2m([22m[2m5 tests[22m[2m)[22m[32m 76[2mms[22m[39m
 [32m✓[39m src/components/database/__tests__/FilterSidebar.test.tsx [2m([22m[2m8 tests[22m[2m)[22m[32m 111[2mms[22m[39m
 [32m✓[39m src/components/layout/__tests__/PageShell.test.tsx [2m([22m[2m5 tests[22m[2m)[22m[32m 74[2mms[22m[39m
 [32m✓[39m src/services/monitoring/__tests__/monitoring-index.test.ts [2m([22m[2m4 tests[22m[2m)[22m[33m 448[2mms[22m[39m
     [33m[2m✓[22m[39m should initialize with ConsoleAdapter if SENTRY_DSN is absent [33m 439[2mms[22m[39m
 [32m✓[39m src/components/ui/__tests__/FilterSection.test.tsx [2m([22m[2m4 tests[22m[2m)[22m[32m 264[2mms[22m[39m
 [32m✓[39m src/components/database/__tests__/UnitCard.test.tsx [2m([22m[2m3 tests[22m[2m)[22m[32m 229[2mms[22m[39m
[90mstderr[2m | src/features/shared/deck/ui/__tests__/DraggableCard.test.tsx[2m > [22m[2mDraggableCard Badges[2m > [22m[2mshould render Shield icon for Conqueror class
[22m[39mImage with src "https://terribleturtle.github.io/spellcasters-community-api/assets/heroes/sc1.webp" is using quality "45" which is not configured in images.qualities [75]. Please update your config to [45, 75].
Read more: https://nextjs.org/docs/messages/next-image-unconfigured-qualities

 [32m✓[39m src/components/common/__tests__/TextWithLinks.test.tsx [2m([22m[2m13 tests[22m[2m)[22m[33m 435[2mms[22m[39m
[90mstderr[2m | src/features/shared/deck/ui/__tests__/DraggableCard.test.tsx[2m > [22m[2mDraggableCard Badges[2m > [22m[2mshould render Wand icon for Enchanter class
[22m[39mImage with src "https://terribleturtle.github.io/spellcasters-community-api/assets/heroes/sc2.webp" is using quality "45" which is not configured in images.qualities [75]. Please update your config to [45, 75].
Read more: https://nextjs.org/docs/messages/next-image-unconfigured-qualities

[90mstderr[2m | src/features/shared/deck/ui/__tests__/DraggableCard.test.tsx[2m > [22m[2mDraggableCard Badges[2m > [22m[2mshould render Swords icon for Duelist class
[22m[39mImage with src "https://terribleturtle.github.io/spellcasters-community-api/assets/heroes/sc3.webp" is using quality "45" which is not configured in images.qualities [75]. Please update your config to [45, 75].
Read more: https://nextjs.org/docs/messages/next-image-unconfigured-qualities

 [32m✓[39m src/features/deck-builder/ui/mobile/__tests__/MobileContextBar.test.tsx [2m([22m[2m28 tests[22m[2m)[22m[33m 319[2mms[22m[39m
 [32m✓[39m src/features/deck-builder/hooks/ui/__tests__/useTeamEditor.test.tsx [2m([22m[2m28 tests[22m[2m)[22m[32m 119[2mms[22m[39m
 [32m✓[39m src/features/shared/deck/ui/__tests__/DraggableCard.test.tsx [2m([22m[2m3 tests[22m[2m)[22m[32m 107[2mms[22m[39m
 [32m✓[39m src/features/team-builder/components/TeamActionButtons.test.tsx [2m([22m[2m4 tests[22m[2m)[22m[33m 441[2mms[22m[39m
[90mstderr[2m | src/services/utils/encoding.test.ts[2m > [22m[2mTeam Encoding[2m > [22m[2mshould handle corrupted V2 payloads gracefully
[22m[39m[2026-02-26T09:29:44.903Z] [ERROR] decodeTeam: Decompression returned null/empty for payload
  Context: {
  "payloadStart": "garbageDataThatCanno..."
}

 [32m✓[39m src/features/team-builder/hooks/useTeamUrlLoader.test.tsx [2m([22m[2m9 tests[22m[2m)[22m[33m 305[2mms[22m[39m
 [32m✓[39m src/components/entity-card/__tests__/SpellcasterAbilities.adversarial.test.tsx [2m([22m[2m7 tests[22m[2m)[22m[32m 135[2mms[22m[39m
 [32m✓[39m src/services/utils/encoding.test.ts [2m([22m[2m18 tests[22m[2m)[22m[32m 290[2mms[22m[39m
 [32m✓[39m src/features/deck-builder/hooks/__tests__/useSoloImport.test.ts [2m([22m[2m9 tests[22m[2m)[22m[33m 426[2mms[22m[39m
 [32m✓[39m src/features/shared/deck/drawer/__tests__/DeckDrawer.test.tsx [2m([22m[2m7 tests[22m[2m)[22m[32m 157[2mms[22m[39m
[90mstderr[2m | src/__tests__/adversarial/import-hooks-adversarial.test.ts[2m > [22m[2mPhase 3 — Hook-Level Import Adversarial Tests[2m > [22m[2museSoloImport Adversarial[2m > [22m[2mADV-HOOKS-2: URL contains a script tag bypassing router bounds
[22m[39m[2026-02-26T09:29:45.153Z] [EXCEPTION] Error: lz-string error
    at [90m/home/turtickler/projects/spellcastersdb/[39msrc/__tests__/adversarial/import-hooks-adversarial.test.ts:59:27
    at [90mfile:///home/turtickler/projects/spellcastersdb/[39mnode_modules/[4m@vitest[24m/runner/dist/index.js:145:11
    at [90mfile:///home/turtickler/projects/spellcastersdb/[39mnode_modules/[4m@vitest[24m/runner/dist/index.js:915:26
    at [90mfile:///home/turtickler/projects/spellcastersdb/[39mnode_modules/[4m@vitest[24m/runner/dist/index.js:1243:20
    at new Promise (<anonymous>)
    at runWithTimeout [90m(file:///home/turtickler/projects/spellcastersdb/[39mnode_modules/[4m@vitest[24m/runner/dist/index.js:1209:10[90m)[39m
    at [90mfile:///home/turtickler/projects/spellcastersdb/[39mnode_modules/[4m@vitest[24m/runner/dist/index.js:1653:37
    at Traces.$ [90m(file:///home/turtickler/projects/spellcastersdb/[39mnode_modules/[4mvitest[24m/dist/chunks/traces.CCmnQaNT.js:142:27[90m)[39m
    at trace [90m(file:///home/turtickler/projects/spellcastersdb/[39mnode_modules/[4mvitest[24m/dist/chunks/test.B8ej_ZHS.js:239:21[90m)[39m
    at runTest [90m(file:///home/turtickler/projects/spellcastersdb/[39mnode_modules/[4m@vitest[24m/runner/dist/index.js:1653:12[90m)[39m
  Context: {
  "operation": "soloImport"
}

 [32m✓[39m src/components/ui/__tests__/ThemePicker.test.tsx [2m([22m[2m3 tests[22m[2m)[22m[32m 130[2mms[22m[39m
 [32m✓[39m src/components/guide/__tests__/GuideToc.test.tsx [2m([22m[2m14 tests[22m[2m)[22m[33m 744[2mms[22m[39m
 [32m✓[39m src/__tests__/adversarial/import-hooks-adversarial.test.ts [2m([22m[2m7 tests[22m[2m)[22m[32m 171[2mms[22m[39m
 [32m✓[39m src/components/modals/__tests__/ExportDeckModal.test.tsx [2m([22m[2m19 tests[22m[2m)[22m[33m 535[2mms[22m[39m
 [32m✓[39m src/services/domain/__tests__/filtering-adversarial.test.ts [2m([22m[2m13 tests[22m[2m)[22m[32m 83[2mms[22m[39m
 [32m✓[39m src/features/shared/deck/ui/__tests__/SpellcasterSlot.test.tsx [2m([22m[2m5 tests[22m[2m)[22m[32m 86[2mms[22m[39m
 [31m❯[39m src/components/changelog/__tests__/ChangelogArchive.test.tsx [2m([22m[2m15 tests[22m[2m | [22m[31m15 failed[39m[2m)[22m[33m 1260[2mms[22m[39m
[31m       [31m×[31m should render PAGE_SIZE (50) rows initially[39m[32m 222[2mms[22m[39m
[31m       [31m×[31m should handle search input interaction[39m[32m 172[2mms[22m[39m
[31m       [31m×[31m should render clear search button when query exists[39m[32m 166[2mms[22m[39m
[31m       [31m×[31m should handle sort dropdown interaction[39m[32m 136[2mms[22m[39m
[31m       [31m×[31m should handle filter toggles[39m[32m 115[2mms[22m[39m
[31m       [31m×[31m should expand and collapse rows[39m[32m 9[2mms[22m[39m
[31m       [31m×[31m should handle pagination (Load More)[39m[32m 101[2mms[22m[39m
[31m       [31m×[31m should render empty state when no results[39m[32m 5[2mms[22m[39m
[31m       [31m×[31m should clear all filters from the top-level button[39m[32m 89[2mms[22m[39m
[31m       [31m×[31m should safely render XSS payloads as escaped text, not HTML[39m[32m 14[2mms[22m[39m
[31m       [31m×[31m should handle absurdly large diff arrays without crashing (cap at 8)[39m[32m 7[2mms[22m[39m
[31m       [31m×[31m should render safely when patches array is completely empty[39m[32m 10[2mms[22m[39m
[31m       [31m×[31m should handle rapid filter spam without crashing[39m[32m 106[2mms[22m[39m
[31m       [31m×[31m should handle pagination overshoot safely[39m[32m 99[2mms[22m[39m
[31m       [31m×[31m should handle empty `diffs` array gracefully (hide expand icon)[39m[32m 7[2mms[22m[39m
 [32m✓[39m src/features/deck-builder/hooks/testing/useDeckBuilder.test.ts [2m([22m[2m16 tests[22m[2m)[22m[32m 85[2mms[22m[39m
 [32m✓[39m src/services/infrastructure/__tests__/ratelimit.test.ts [2m([22m[2m2 tests[22m[2m)[22m[32m 84[2mms[22m[39m
 [32m✓[39m src/components/entity-card/__tests__/SpellcasterAbilities.test.tsx [2m([22m[2m6 tests[22m[2m)[22m[32m 99[2mms[22m[39m
 [32m✓[39m src/features/deck-builder/hooks/persistence/__tests__/useDeckPersistence.test.ts [2m([22m[2m34 tests[22m[2m)[22m[32m 71[2mms[22m[39m
 [32m✓[39m src/hooks/__tests__/useKonamiCode.test.ts [2m([22m[2m7 tests[22m[2m)[22m[32m 33[2mms[22m[39m
 [32m✓[39m src/hooks/__tests__/useUnitSearch.test.ts [2m([22m[2m14 tests[22m[2m)[22m[32m 65[2mms[22m[39m
 [32m✓[39m src/features/team-builder/hooks/useTeamImportAutoResolve.test.tsx [2m([22m[2m8 tests[22m[2m)[22m[32m 55[2mms[22m[39m
 [32m✓[39m src/features/deck-builder/hooks/ui/__tests__/useDeckHotkeys.test.ts [2m([22m[2m16 tests[22m[2m)[22m[32m 66[2mms[22m[39m
 [32m✓[39m src/features/deck-builder/hooks/domain/__tests__/useDragDrop.test.ts [2m([22m[2m40 tests[22m[2m)[22m[32m 106[2mms[22m[39m
 [32m✓[39m src/features/team-builder/hooks/useTeamBuilder.test.tsx [2m([22m[2m11 tests[22m[2m)[22m[32m 64[2mms[22m[39m
 [32m✓[39m src/components/changelog/hooks/useChangelogSearch.test.ts [2m([22m[2m11 tests[22m[2m)[22m[32m 66[2mms[22m[39m
 [32m✓[39m src/hooks/__tests__/useToast-adversarial.test.ts [2m([22m[2m11 tests[22m[2m)[22m[32m 73[2mms[22m[39m
 [32m✓[39m src/hooks/__tests__/useToast.test.ts [2m([22m[2m4 tests[22m[2m)[22m[32m 35[2mms[22m[39m
 [32m✓[39m src/features/deck-builder/hooks/ui/__tests__/useCommandCenter.test.ts [2m([22m[2m16 tests[22m[2m)[22m[32m 56[2mms[22m[39m
 [32m✓[39m src/features/deck-builder/hooks/ui/useDeckEditorUI.test.tsx [2m([22m[2m8 tests[22m[2m)[22m[32m 38[2mms[22m[39m
 [32m✓[39m src/features/deck-builder/hooks/testing/useImportLogic.test.ts [2m([22m[2m5 tests[22m[2m)[22m[32m 47[2mms[22m[39m
 [32m✓[39m src/services/api/__tests__/api-adversarial.test.ts [2m([22m[2m33 tests[22m[2m)[22m[32m 67[2mms[22m[39m
 [32m✓[39m src/features/team-builder/components/TeamOverview.test.tsx [2m([22m[2m3 tests[22m[2m)[22m[32m 99[2mms[22m[39m
 [32m✓[39m src/features/deck-builder/browser/__tests__/UnitBrowser.test.tsx [2m([22m[2m4 tests[22m[2m)[22m[32m 73[2mms[22m[39m
 [32m✓[39m src/services/api/__tests__/asset-cache.server.test.ts [2m([22m[2m7 tests[22m[2m)[22m[32m 20[2mms[22m[39m
 [32m✓[39m src/services/validation/__tests__/guards.adversarial.test.ts [2m([22m[2m104 tests[22m[2m)[22m[32m 33[2mms[22m[39m
 [32m✓[39m src/components/ui/__tests__/PatchBadge.test.tsx [2m([22m[2m5 tests[22m[2m)[22m[32m 65[2mms[22m[39m
 [32m✓[39m src/features/deck-builder/hooks/persistence/__tests__/useDeckSharing.test.ts [2m([22m[2m5 tests[22m[2m)[22m[32m 38[2mms[22m[39m
 [32m✓[39m src/features/team-builder/TeamBuilderView.test.tsx [2m([22m[2m6 tests[22m[2m)[22m[32m 66[2mms[22m[39m
 [32m✓[39m src/features/deck-builder/hooks/testing/useSoloBuilder.test.ts [2m([22m[2m6 tests[22m[2m)[22m[32m 35[2mms[22m[39m
 [32m✓[39m src/features/team-builder/hooks/useTeamImport.test.tsx [2m([22m[2m10 tests[22m[2m)[22m[32m 42[2mms[22m[39m
 [32m✓[39m src/features/deck-builder/hooks/ui/__tests__/useShareErrorHandler.test.tsx [2m([22m[2m5 tests[22m[2m)[22m[32m 26[2mms[22m[39m
 [32m✓[39m src/features/deck-builder/hooks/ui/__tests__/useScrollLock-adversarial.test.ts [2m([22m[2m7 tests[22m[2m)[22m[32m 46[2mms[22m[39m
 [32m✓[39m src/store/__tests__/createPersistenceSlice.test.ts [2m([22m[2m46 tests[22m[2m)[22m[32m 41[2mms[22m[39m
 [32m✓[39m src/hooks/__tests__/useFocusTrap.test.ts [2m([22m[2m6 tests[22m[2m)[22m[32m 56[2mms[22m[39m
 [32m✓[39m src/hooks/__tests__/useAccordionState.test.ts [2m([22m[2m9 tests[22m[2m)[22m[32m 37[2mms[22m[39m
 [32m✓[39m src/hooks/__tests__/useEphemeralState.test.ts [2m([22m[2m6 tests[22m[2m)[22m[32m 32[2mms[22m[39m
 [32m✓[39m src/features/shared/deck/ui/__tests__/ActiveDeckTray.test.tsx [2m([22m[2m1 test[22m[2m)[22m[32m 42[2mms[22m[39m
 [32m✓[39m src/components/providers/__tests__/DictionaryProvider.test.tsx [2m([22m[2m5 tests[22m[2m)[22m[32m 40[2mms[22m[39m
[90mstderr[2m | src/features/deck-builder/__tests__/DeckBuilder.test.tsx[2m > [22m[2mDeckBuilder Integration[2m > [22m[2mshould render unit browser content
[22m[39mReceived `true` for a non-boolean attribute `fill`.

If you want to write it to the DOM, pass a string instead: fill="true" or fill={value.toString()}.
Received `true` for a non-boolean attribute `priority`.

If you want to write it to the DOM, pass a string instead: priority="true" or priority={value.toString()}.

 [32m✓[39m src/hooks/__tests__/useFeedback-adversarial.test.ts [2m([22m[2m6 tests[22m[2m)[22m[32m 31[2mms[22m[39m
 [32m✓[39m src/features/deck-builder/hooks/persistence/__tests__/useDataHydration.test.ts [2m([22m[2m5 tests[22m[2m)[22m[32m 40[2mms[22m[39m
 [32m✓[39m src/features/deck-builder/hooks/persistence/__tests__/useDeckSync.test.ts [2m([22m[2m6 tests[22m[2m)[22m[32m 31[2mms[22m[39m
[90mstderr[2m | src/features/deck-builder/__tests__/DeckBuilder.test.tsx[2m > [22m[2mDeckBuilder Integration[2m > [22m[2mshould render unit browser content
[22m[39mReceived `true` for a non-boolean attribute `unoptimized`.

If you want to write it to the DOM, pass a string instead: unoptimized="true" or unoptimized={value.toString()}.

 [32m✓[39m src/features/deck-builder/hooks/ui/__tests__/useResponsiveGrid.test.ts [2m([22m[2m9 tests[22m[2m)[22m[32m 33[2mms[22m[39m
 [32m✓[39m src/store/__tests__/createTeamSlice.test.ts [2m([22m[2m36 tests[22m[2m)[22m[32m 53[2mms[22m[39m
 [32m✓[39m src/features/team-builder/hooks/useTeamEditModal.test.tsx [2m([22m[2m6 tests[22m[2m)[22m[32m 38[2mms[22m[39m
 [32m✓[39m src/features/deck-builder/hooks/ui/__tests__/useScrollLock.test.ts [2m([22m[2m3 tests[22m[2m)[22m[32m 30[2mms[22m[39m
 [32m✓[39m src/features/deck-builder/__tests__/DeckBuilder.test.tsx [2m([22m[2m2 tests[22m[2m)[22m[33m 804[2mms[22m[39m
     [33m[2m✓[22m[39m should render unit browser content [33m 596[2mms[22m[39m
 [32m✓[39m src/hooks/__tests__/useDebounce.test.ts [2m([22m[2m3 tests[22m[2m)[22m[32m 41[2mms[22m[39m
 [32m✓[39m src/features/deck-builder/hooks/testing/useDeckValidation.test.ts [2m([22m[2m3 tests[22m[2m)[22m[32m 26[2mms[22m[39m
[90mstderr[2m | src/lib/__tests__/clipboard-adversarial.test.ts[2m > [22m[2mcopyToClipboard — Adversarial[2m > [22m[2mshould return false when fallback execCommand returns false
[22m[39m[2026-02-26T09:29:48.238Z] [WARNING] navigator.clipboard failed, trying fallback
  Context: {
  "error": {}
}

[90mstderr[2m | src/lib/__tests__/clipboard-adversarial.test.ts[2m > [22m[2mcopyToClipboard — Adversarial[2m > [22m[2mshould clean up the textarea even if execCommand throws
[22m[39m[2026-02-26T09:29:48.252Z] [WARNING] navigator.clipboard failed, trying fallback
  Context: {
  "error": {}
}
[2026-02-26T09:29:48.253Z] [EXCEPTION] Error: boom
    at Document.<anonymous> [90m(/home/turtickler/projects/spellcastersdb/[39msrc/lib/__tests__/clipboard-adversarial.test.ts:106:13[90m)[39m
    at Document.Mock [90m(file:///home/turtickler/projects/spellcastersdb/[39mnode_modules/[4m@vitest[24m/spy/dist/index.js:285:34[90m)[39m
    at Document.Mock [as execCommand] [90m(file:///home/turtickler/projects/spellcastersdb/[39mnode_modules/[4m@vitest[24m/spy/dist/index.js:285:34[90m)[39m
    at copyToClipboard [90m(/home/turtickler/projects/spellcastersdb/[39msrc/lib/clipboard.ts:47:21[90m)[39m
[90m    at processTicksAndRejections (node:internal/process/task_queues:95:5)[39m
    at [90m/home/turtickler/projects/spellcastersdb/[39msrc/lib/__tests__/clipboard-adversarial.test.ts:110:5
    at [90mfile:///home/turtickler/projects/spellcastersdb/[39mnode_modules/[4m@vitest[24m/runner/dist/index.js:915:20
  Context: {
  "operation": "clipboardFallback"
}

 [32m✓[39m src/services/api/__tests__/api-functions.test.ts [2m([22m[2m21 tests[22m[2m)[22m[32m 20[2mms[22m[39m
 [32m✓[39m src/lib/__tests__/clipboard-adversarial.test.ts [2m([22m[2m10 tests[22m[2m)[22m[32m 34[2mms[22m[39m
 [32m✓[39m src/services/validation/__tests__/data-schemas.test.ts [2m([22m[2m16 tests[22m[2m)[22m[32m 27[2mms[22m[39m
 [32m✓[39m src/hooks/__tests__/useFeedback.test.ts [2m([22m[2m2 tests[22m[2m)[22m[32m 22[2mms[22m[39m
 [32m✓[39m src/services/domain/__tests__/sorting-adversarial.test.ts [2m([22m[2m9 tests[22m[2m)[22m[32m 22[2mms[22m[39m
 [32m✓[39m src/features/deck-builder/hooks/ui/__tests__/useDeckSelection.test.tsx [2m([22m[2m2 tests[22m[2m)[22m[32m 22[2mms[22m[39m
[90mstderr[2m | src/services/api/__tests__/api.test.ts[2m > [22m[2mRemote Data Validation[2m > [22m[2mshould throw DataFetchError on API failure (404/500)
[22m[39m[2026-02-26T09:29:48.516Z] [ERROR] Failed to fetch https://terribleturtle.github.io/spellcasters-community-api/api/v2/units.json: 500 Server Error
  Context: {
  "context": "api-client.ts:fetchFromApi",
  "status": 500,
  "statusText": "Server Error",
  "url": "https://terribleturtle.github.io/spellcasters-community-api/api/v2/units.json"
}

 [32m✓[39m src/__tests__/adversarial/persistence-crud-adversarial.test.ts [2m([22m[2m12 tests[22m[2m)[22m[32m 24[2mms[22m[39m
 [32m✓[39m src/services/validation/__tests__/data-schemas.adversarial.test.ts [2m([22m[2m54 tests[22m[2m)[22m[32m 24[2mms[22m[39m
[90mstderr[2m | src/services/api/__tests__/api.test.ts[2m > [22m[2mRemote Data Validation[2m > [22m[2mshould throw DataFetchError on API failure (404/500)
[22m[39m[2026-02-26T09:29:48.518Z] [EXCEPTION] DataFetchError: Failed to fetch https://terribleturtle.github.io/spellcasters-community-api/api/v2/units.json: 500 Server Error
    at fetchJson [90m(/home/turtickler/projects/spellcastersdb/[39msrc/services/api/api-client.ts:40:13[90m)[39m
[90m    at processTicksAndRejections (node:internal/process/task_queues:95:5)[39m {
  status: [33m500[39m,
  [cause]: [90mundefined[39m
}
  Context: {
  "message": "Failed to fetch game data",
  "context": "api.ts:fetchGameData"
}

[90mstderr[2m | src/services/api/__tests__/api.test.ts[2m > [22m[2mfetchJson Error Instrumentation[2m > [22m[2mshould preserve the original error as cause when fetch rejects
[22m[39m[2026-02-26T09:29:48.527Z] [EXCEPTION] TypeError: fetch failed
    at [90m/home/turtickler/projects/spellcastersdb/[39msrc/services/api/__tests__/api.test.ts:150:26
[90m    at processTicksAndRejections (node:internal/process/task_queues:95:5)[39m
    at [90mfile:///home/turtickler/projects/spellcastersdb/[39mnode_modules/[4m@vitest[24m/runner/dist/index.js:915:20
  Context: {
  "message": "Network error fetching https://example.com/data.json",
  "context": "api-client.ts:fetchJson",
  "url": "https://example.com/data.json"
}

[90mstderr[2m | src/services/api/__tests__/api.test.ts[2m > [22m[2mfetchJson Error Instrumentation[2m > [22m[2mshould include URL in the DataFetchError message for HTTP errors
[22m[39m[2026-02-26T09:29:48.530Z] [ERROR] Failed to fetch https://example.com/api/units.json: 503 Service Unavailable
  Context: {
  "context": "api-client.ts:fetchFromApi",
  "status": 503,
  "statusText": "Service Unavailable",
  "url": "https://example.com/api/units.json"
}

 [32m✓[39m src/store/__tests__/createUISlice.test.ts [2m([22m[2m20 tests[22m[2m)[22m[32m 21[2mms[22m[39m
 [32m✓[39m src/services/api/__tests__/api.test.ts [2m([22m[2m6 tests[22m[2m)[22m[32m 26[2mms[22m[39m
 [32m✓[39m src/__tests__/adversarial/deck-integration-adversarial.test.ts [2m([22m[2m8 tests[22m[2m)[22m[32m 10[2mms[22m[39m
 [32m✓[39m src/store/__tests__/createSoloSlice.adversarial.test.ts [2m([22m[2m18 tests[22m[2m)[22m[32m 34[2mms[22m[39m
 [32m✓[39m src/services/domain/__tests__/sorting.test.ts [2m([22m[2m18 tests[22m[2m)[22m[32m 18[2mms[22m[39m
 [32m✓[39m src/__tests__/adversarial/import-export-adversarial.test.ts [2m([22m[2m11 tests[22m[2m)[22m[32m 13[2mms[22m[39m
[90mstderr[2m | src/lib/__tests__/clipboard.test.ts[2m > [22m[2mclipboard utils[2m > [22m[2mcopyToClipboard[2m > [22m[2mshould fallback to execCommand if navigator.clipboard.writeText fails
[22m[39m[2026-02-26T09:29:48.744Z] [WARNING] navigator.clipboard failed, trying fallback
  Context: {
  "error": {}
}

[90mstderr[2m | src/lib/__tests__/clipboard.test.ts[2m > [22m[2mclipboard utils[2m > [22m[2mcopyToClipboard[2m > [22m[2mshould return false if both methods fail
[22m[39m[2026-02-26T09:29:48.764Z] [WARNING] navigator.clipboard failed, trying fallback
  Context: {
  "error": {}
}
[2026-02-26T09:29:48.765Z] [EXCEPTION] Error: Fallback failed
    at Document.<anonymous> [90m(/home/turtickler/projects/spellcastersdb/[39msrc/lib/__tests__/clipboard.test.ts:89:15[90m)[39m
    at Document.Mock [90m(file:///home/turtickler/projects/spellcastersdb/[39mnode_modules/[4m@vitest[24m/spy/dist/index.js:285:34[90m)[39m
    at Document.Mock [as execCommand] [90m(file:///home/turtickler/projects/spellcastersdb/[39mnode_modules/[4m@vitest[24m/spy/dist/index.js:285:34[90m)[39m
    at copyToClipboard [90m(/home/turtickler/projects/spellcastersdb/[39msrc/lib/clipboard.ts:47:21[90m)[39m
[90m    at processTicksAndRejections (node:internal/process/task_queues:95:5)[39m
    at [90m/home/turtickler/projects/spellcastersdb/[39msrc/lib/__tests__/clipboard.test.ts:92:22
    at [90mfile:///home/turtickler/projects/spellcastersdb/[39mnode_modules/[4m@vitest[24m/runner/dist/index.js:915:20
  Context: {
  "operation": "clipboardFallback"
}

 [32m✓[39m src/lib/__tests__/clipboard.test.ts [2m([22m[2m4 tests[22m[2m)[22m[32m 38[2mms[22m[39m
 [32m✓[39m src/services/validation/schemas.test.ts [2m([22m[2m10 tests[22m[2m)[22m[32m 20[2mms[22m[39m
 [32m✓[39m src/services/infrastructure/__tests__/redis.test.ts [2m([22m[2m3 tests[22m[2m)[22m[32m 20[2mms[22m[39m
 [32m✓[39m src/app/api/share/__tests__/route.test.ts [2m([22m[2m9 tests[22m[2m)[22m[32m 20[2mms[22m[39m
 [32m✓[39m src/services/api/__tests__/api-client.adversarial.test.ts [2m([22m[2m26 tests[22m[2m)[22m[32m 12[2mms[22m[39m
 [32m✓[39m src/services/api/__tests__/patch-history.test.ts [2m([22m[2m14 tests[22m[2m)[22m[32m 21[2mms[22m[39m
[90mstderr[2m | src/services/api/__tests__/api-access.test.ts[2m > [22m[2mAPI Access & Reliability[2m > [22m[2mError Handling[2m > [22m[2mshould propagate DataFetchError (Network Error)
[22m[39m[2026-02-26T09:29:49.089Z] [EXCEPTION] Error: Network Failure
    at [90m/home/turtickler/projects/spellcastersdb/[39msrc/services/api/__tests__/api-access.test.ts:75:28
    at [90mfile:///home/turtickler/projects/spellcastersdb/[39mnode_modules/[4m@vitest[24m/runner/dist/index.js:145:11
    at [90mfile:///home/turtickler/projects/spellcastersdb/[39mnode_modules/[4m@vitest[24m/runner/dist/index.js:915:26
    at [90mfile:///home/turtickler/projects/spellcastersdb/[39mnode_modules/[4m@vitest[24m/runner/dist/index.js:1243:20
    at new Promise (<anonymous>)
    at runWithTimeout [90m(file:///home/turtickler/projects/spellcastersdb/[39mnode_modules/[4m@vitest[24m/runner/dist/index.js:1209:10[90m)[39m
    at [90mfile:///home/turtickler/projects/spellcastersdb/[39mnode_modules/[4m@vitest[24m/runner/dist/index.js:1653:37
    at Traces.$ [90m(file:///home/turtickler/projects/spellcastersdb/[39mnode_modules/[4mvitest[24m/dist/chunks/traces.CCmnQaNT.js:142:27[90m)[39m
    at trace [90m(file:///home/turtickler/projects/spellcastersdb/[39mnode_modules/[4mvitest[24m/dist/chunks/test.B8ej_ZHS.js:239:21[90m)[39m
    at runTest [90m(file:///home/turtickler/projects/spellcastersdb/[39mnode_modules/[4m@vitest[24m/runner/dist/index.js:1653:12[90m)[39m
  Context: {
  "message": "Failed to fetch game data",
  "context": "api.ts:fetchGameData"
}

[90mstderr[2m | src/services/api/__tests__/api-access.test.ts[2m > [22m[2mAPI Access & Reliability[2m > [22m[2mError Handling[2m > [22m[2mshould propagate DataValidationError (Schema Error)
[22m[39m[2026-02-26T09:29:49.097Z] [EXCEPTION] DataValidationError: Invalid JSON
    at [90m/home/turtickler/projects/spellcastersdb/[39msrc/services/api/__tests__/api-access.test.ts:85:31
    at [90mfile:///home/turtickler/projects/spellcastersdb/[39mnode_modules/[4m@vitest[24m/runner/dist/index.js:145:11
    at [90mfile:///home/turtickler/projects/spellcastersdb/[39mnode_modules/[4m@vitest[24m/runner/dist/index.js:915:26
    at [90mfile:///home/turtickler/projects/spellcastersdb/[39mnode_modules/[4m@vitest[24m/runner/dist/index.js:1243:20
    at new Promise (<anonymous>)
    at runWithTimeout [90m(file:///home/turtickler/projects/spellcastersdb/[39mnode_modules/[4m@vitest[24m/runner/dist/index.js:1209:10[90m)[39m
    at [90mfile:///home/turtickler/projects/spellcastersdb/[39mnode_modules/[4m@vitest[24m/runner/dist/index.js:1653:37
    at Traces.$ [90m(file:///home/turtickler/projects/spellcastersdb/[39mnode_modules/[4mvitest[24m/dist/chunks/traces.CCmnQaNT.js:142:27[90m)[39m
    at trace [90m(file:///home/turtickler/projects/spellcastersdb/[39mnode_modules/[4mvitest[24m/dist/chunks/test.B8ej_ZHS.js:239:21[90m)[39m
    at runTest [90m(file:///home/turtickler/projects/spellcastersdb/[39mnode_modules/[4m@vitest[24m/runner/dist/index.js:1653:12[90m)[39m {
  userFriendlyMessage: [32m'Friendly Message'[39m
}
  Context: {
  "message": "Failed to fetch game data",
  "context": "api.ts:fetchGameData"
}

[90mstderr[2m | src/services/api/__tests__/api-access.test.ts[2m > [22m[2mAPI Access & Reliability[2m > [22m[2mError Handling[2m > [22m[2mshould unexpected errors propagate
[22m[39m[2026-02-26T09:29:49.101Z] [EXCEPTION] Error: Boom
    at [90m/home/turtickler/projects/spellcastersdb/[39msrc/services/api/__tests__/api-access.test.ts:97:9
    at [90mfile:///home/turtickler/projects/spellcastersdb/[39mnode_modules/[4m@vitest[24m/runner/dist/index.js:145:11
    at [90mfile:///home/turtickler/projects/spellcastersdb/[39mnode_modules/[4m@vitest[24m/runner/dist/index.js:915:26
    at [90mfile:///home/turtickler/projects/spellcastersdb/[39mnode_modules/[4m@vitest[24m/runner/dist/index.js:1243:20
    at new Promise (<anonymous>)
    at runWithTimeout [90m(file:///home/turtickler/projects/spellcastersdb/[39mnode_modules/[4m@vitest[24m/runner/dist/index.js:1209:10[90m)[39m
    at [90mfile:///home/turtickler/projects/spellcastersdb/[39mnode_modules/[4m@vitest[24m/runner/dist/index.js:1653:37
    at Traces.$ [90m(file:///home/turtickler/projects/spellcastersdb/[39mnode_modules/[4mvitest[24m/dist/chunks/traces.CCmnQaNT.js:142:27[90m)[39m
    at trace [90m(file:///home/turtickler/projects/spellcastersdb/[39mnode_modules/[4mvitest[24m/dist/chunks/test.B8ej_ZHS.js:239:21[90m)[39m
    at runTest [90m(file:///home/turtickler/projects/spellcastersdb/[39mnode_modules/[4m@vitest[24m/runner/dist/index.js:1653:12[90m)[39m
  Context: {
  "message": "Failed to fetch game data",
  "context": "api.ts:fetchGameData"
}

 [32m✓[39m src/services/api/__tests__/api-client.test.ts [2m([22m[2m10 tests[22m[2m)[22m[32m 16[2mms[22m[39m
 [32m✓[39m src/services/monitoring/__tests__/ConsoleAdapter.test.ts [2m([22m[2m9 tests[22m[2m)[22m[32m 6[2mms[22m[39m
 [32m✓[39m src/services/api/__tests__/api-access.test.ts [2m([22m[2m4 tests[22m[2m)[22m[32m 24[2mms[22m[39m
 [32m✓[39m src/services/rules/__tests__/deck-rules-adversarial.test.ts [2m([22m[2m11 tests[22m[2m)[22m[32m 7[2mms[22m[39m
 [32m✓[39m src/__tests__/adversarial/deck-baseline.test.ts [2m([22m[2m11 tests[22m[2m)[22m[32m 14[2mms[22m[39m
 [32m✓[39m src/services/infrastructure/__tests__/anonymize-ip.test.ts [2m([22m[2m10 tests[22m[2m)[22m[32m 10[2mms[22m[39m
 [32m✓[39m src/services/rules/deck-rules.test.ts [2m([22m[2m36 tests[22m[2m)[22m[32m 19[2mms[22m[39m
 [32m✓[39m src/services/domain/__tests__/filtering.test.ts [2m([22m[2m31 tests[22m[2m)[22m[32m 17[2mms[22m[39m
 [32m✓[39m src/services/monitoring/SentryAdapter.test.ts [2m([22m[2m6 tests[22m[2m)[22m[32m 9[2mms[22m[39m
 [32m✓[39m src/services/domain/team/TeamModification.test.ts [2m([22m[2m15 tests[22m[2m)[22m[32m 10[2mms[22m[39m
 [32m✓[39m src/store/backup.test.ts [2m([22m[2m4 tests[22m[2m)[22m[32m 7[2mms[22m[39m
 [32m✓[39m src/services/domain/team/__tests__/TeamMovement.test.ts [2m([22m[2m9 tests[22m[2m)[22m[32m 7[2mms[22m[39m
 [32m✓[39m src/services/logic/team/__tests__/TeamEditor.test.ts [2m([22m[2m12 tests[22m[2m)[22m[32m 9[2mms[22m[39m
 [32m✓[39m src/services/infrastructure/__tests__/export-service.test.ts [2m([22m[2m6 tests[22m[2m)[22m[32m 11[2mms[22m[39m
 [32m✓[39m src/__tests__/adversarial/deck-rules-adversarial.test.ts [2m([22m[2m19 tests[22m[2m)[22m[32m 9[2mms[22m[39m
 [32m✓[39m src/services/sharing/__tests__/create-short-link.test.ts [2m([22m[2m14 tests[22m[2m)[22m[32m 16[2mms[22m[39m
 [32m✓[39m src/lib/__tests__/link-dictionary.test.ts [2m([22m[2m15 tests[22m[2m)[22m[32m 17[2mms[22m[39m
 [32m✓[39m src/store/__tests__/selectors.test.ts [2m([22m[2m25 tests[22m[2m)[22m[32m 9[2mms[22m[39m
 [32m✓[39m src/services/domain/__tests__/BackupService.test.ts [2m([22m[2m10 tests[22m[2m)[22m[32m 17[2mms[22m[39m
 [32m✓[39m src/services/api/__tests__/mappers.test.ts [2m([22m[2m5 tests[22m[2m)[22m[32m 24[2mms[22m[39m
 [32m✓[39m src/services/persistence/custom-themes.test.ts [2m([22m[2m9 tests[22m[2m)[22m[32m 22[2mms[22m[39m
 [32m✓[39m src/store/store.test.ts [2m([22m[2m10 tests[22m[2m)[22m[32m 16[2mms[22m[39m
 [32m✓[39m src/services/rules/__tests__/deck-rules.adversarial.test.ts [2m([22m[2m28 tests[22m[2m)[22m[32m 16[2mms[22m[39m
 [32m✓[39m src/services/api/__tests__/deck-factory.test.ts [2m([22m[2m5 tests[22m[2m)[22m[32m 7[2mms[22m[39m
 [32m✓[39m src/services/metadata/__tests__/metadata-service.test.ts [2m([22m[2m12 tests[22m[2m)[22m[32m 11[2mms[22m[39m
 [32m✓[39m src/services/persistence/__tests__/state-service.test.ts [2m([22m[2m5 tests[22m[2m)[22m[32m 11[2mms[22m[39m
 [32m✓[39m src/services/validation/__tests__/guards.test.ts [2m([22m[2m18 tests[22m[2m)[22m[32m 6[2mms[22m[39m
 [32m✓[39m src/services/validation/__tests__/integrity.test.ts [2m([22m[2m7 tests[22m[2m)[22m[32m 13[2mms[22m[39m
 [32m✓[39m src/__tests__/stress/torture.test.ts [2m([22m[2m7 tests[22m[2m)[22m[32m 17[2mms[22m[39m
 [32m✓[39m src/services/utils/deck-utils.test.ts [2m([22m[2m11 tests[22m[2m)[22m[32m 11[2mms[22m[39m
 [32m✓[39m src/services/domain/team/__tests__/TeamFactory.test.ts [2m([22m[2m6 tests[22m[2m)[22m[32m 9[2mms[22m[39m
 [32m✓[39m src/lib/__tests__/routes.test.ts [2m([22m[2m39 tests[22m[2m)[22m[32m 11[2mms[22m[39m
 [32m✓[39m src/store/__tests__/createSoloSlice.test.ts [2m([22m[2m12 tests[22m[2m)[22m[32m 9[2mms[22m[39m
 [32m✓[39m src/store/__tests__/hook-integration.test.ts [2m([22m[2m6 tests[22m[2m)[22m[32m 9[2mms[22m[39m
 [32m✓[39m src/services/utils/__tests__/naming-utils.test.ts [2m([22m[2m8 tests[22m[2m)[22m[32m 8[2mms[22m[39m
 [32m✓[39m src/services/dnd/__tests__/drag-routing.test.ts [2m([22m[2m24 tests[22m[2m)[22m[32m 8[2mms[22m[39m
 [32m✓[39m src/services/domain/team/__tests__/TeamMovement.adversarial.test.ts [2m([22m[2m23 tests[22m[2m)[22m[32m 7[2mms[22m[39m
 [32m✓[39m src/services/__tests__/roadmap-service.test.ts [2m([22m[2m6 tests[22m[2m)[22m[32m 10[2mms[22m[39m
 [32m✓[39m src/services/validation/__tests__/integrity.adversarial.test.ts [2m([22m[2m9 tests[22m[2m)[22m[32m 9[2mms[22m[39m
 [32m✓[39m src/__tests__/adversarial/deck-validation-adversarial.test.ts [2m([22m[2m14 tests[22m[2m)[22m[32m 18[2mms[22m[39m
 [32m✓[39m src/services/api/__tests__/reconstruction.test.ts [2m([22m[2m8 tests[22m[2m)[22m[32m 8[2mms[22m[39m
 [32m✓[39m src/services/dnd/__tests__/drag-routing-adversarial.test.ts [2m([22m[2m6 tests[22m[2m)[22m[32m 7[2mms[22m[39m
 [32m✓[39m src/services/validation/deck-validation.test.ts [2m([22m[2m8 tests[22m[2m)[22m[32m 8[2mms[22m[39m
 [32m✓[39m src/services/api/__tests__/reconstruction.adversarial.test.ts [2m([22m[2m8 tests[22m[2m)[22m[32m 8[2mms[22m[39m
 [32m✓[39m src/services/domain/__tests__/DeckService.test.ts [2m([22m[2m3 tests[22m[2m)[22m[32m 7[2mms[22m[39m
 [32m✓[39m src/services/domain/__tests__/TeamService.move.test.ts [2m([22m[2m9 tests[22m[2m)[22m[32m 6[2mms[22m[39m
 [32m✓[39m src/services/assets/__tests__/image-url.test.ts [2m([22m[2m18 tests[22m[2m)[22m[32m 7[2mms[22m[39m
 [32m✓[39m src/lib/__tests__/routes-adversarial.test.ts [2m([22m[2m10 tests[22m[2m)[22m[32m 6[2mms[22m[39m
 [32m✓[39m src/services/domain/team/__tests__/TeamPersistenceHelper.test.ts [2m([22m[2m2 tests[22m[2m)[22m[32m 5[2mms[22m[39m
 [32m✓[39m src/services/utils/formatting.test.ts [2m([22m[2m9 tests[22m[2m)[22m[32m 7[2mms[22m[39m
 [32m✓[39m src/lib/__tests__/patch-utils.test.ts [2m([22m[2m4 tests[22m[2m)[22m[32m 5[2mms[22m[39m
 [32m✓[39m src/services/rules/__tests__/search-rules.test.ts [2m([22m[2m9 tests[22m[2m)[22m[32m 6[2mms[22m[39m
 [32m✓[39m src/services/domain/team/__tests__/EditorSyncService.test.ts [2m([22m[2m3 tests[22m[2m)[22m[32m 4[2mms[22m[39m
 [32m✓[39m src/components/entity-card/__tests__/utils-adversarial.test.ts [2m([22m[2m14 tests[22m[2m)[22m[32m 4[2mms[22m[39m
 [32m✓[39m src/services/assets/__tests__/asset-helpers.test.ts [2m([22m[2m7 tests[22m[2m)[22m[32m 5[2mms[22m[39m
 [32m✓[39m src/__tests__/adversarial/deck-persistence-adversarial.test.ts [2m([22m[2m11 tests[22m[2m)[22m[32m 5[2mms[22m[39m
 [32m✓[39m src/services/validation/__tests__/stats.test.ts [2m([22m[2m6 tests[22m[2m)[22m[32m 4[2mms[22m[39m
 [32m✓[39m src/lib/__tests__/nav-links-adversarial.test.ts [2m([22m[2m15 tests[22m[2m)[22m[32m 6[2mms[22m[39m
 [32m✓[39m src/services/domain/team/__tests__/TeamUtils.test.ts [2m([22m[2m4 tests[22m[2m)[22m[32m 4[2mms[22m[39m
 [32m✓[39m src/store/__tests__/ui-store.test.ts [2m([22m[2m5 tests[22m[2m)[22m[32m 5[2mms[22m[39m
 [32m✓[39m src/lib/__tests__/nav-links.test.ts [2m([22m[2m8 tests[22m[2m)[22m[32m 5[2mms[22m[39m
 [32m✓[39m src/lib/__tests__/format-change-field.test.ts [2m([22m[2m9 tests[22m[2m)[22m[32m 4[2mms[22m[39m
 [32m✓[39m src/services/domain/__tests__/TeamService.spellcaster.test.ts [2m([22m[2m2 tests[22m[2m)[22m[32m 3[2mms[22m[39m
 [32m✓[39m src/services/api/__tests__/registry.test.ts [2m([22m[2m5 tests[22m[2m)[22m[32m 2[2mms[22m[39m
 [32m✓[39m src/types/__tests__/patch-history.test.ts [2m([22m[2m2 tests[22m[2m)[22m[32m 3[2mms[22m[39m
 [32m✓[39m src/components/entity-card/__tests__/utils.test.ts [2m([22m[2m6 tests[22m[2m)[22m[32m 2[2mms[22m[39m
 [2m[90m↓[39m[22m src/services/validation/__tests__/strict-schema.test.ts [2m([22m[2m1 test[22m[2m | [22m[33m1 skipped[39m[2m)[22m
 [32m✓[39m src/services/api/__tests__/patch-history-env.test.ts [2m([22m[2m2 tests[22m[2m)[22m[32m 3[2mms[22m[39m

[31m⎯⎯⎯⎯⎯⎯[39m[1m[41m Failed Tests 15 [49m[22m[31m⎯⎯⎯⎯⎯⎯⎯[39m

[41m[1m FAIL [22m[49m src/components/changelog/__tests__/ChangelogArchive.test.tsx[2m > [22mChangelogArchive[2m > [22mNormal Coverage (Rendering & Interaction)[2m > [22mshould render PAGE_SIZE (50) rows initially
[41m[1m FAIL [22m[49m src/components/changelog/__tests__/ChangelogArchive.test.tsx[2m > [22mChangelogArchive[2m > [22mNormal Coverage (Rendering & Interaction)[2m > [22mshould handle search input interaction
[41m[1m FAIL [22m[49m src/components/changelog/__tests__/ChangelogArchive.test.tsx[2m > [22mChangelogArchive[2m > [22mNormal Coverage (Rendering & Interaction)[2m > [22mshould render clear search button when query exists
[41m[1m FAIL [22m[49m src/components/changelog/__tests__/ChangelogArchive.test.tsx[2m > [22mChangelogArchive[2m > [22mNormal Coverage (Rendering & Interaction)[2m > [22mshould handle sort dropdown interaction
[41m[1m FAIL [22m[49m src/components/changelog/__tests__/ChangelogArchive.test.tsx[2m > [22mChangelogArchive[2m > [22mNormal Coverage (Rendering & Interaction)[2m > [22mshould handle filter toggles
[41m[1m FAIL [22m[49m src/components/changelog/__tests__/ChangelogArchive.test.tsx[2m > [22mChangelogArchive[2m > [22mNormal Coverage (Rendering & Interaction)[2m > [22mshould expand and collapse rows
[41m[1m FAIL [22m[49m src/components/changelog/__tests__/ChangelogArchive.test.tsx[2m > [22mChangelogArchive[2m > [22mNormal Coverage (Rendering & Interaction)[2m > [22mshould handle pagination (Load More)
[41m[1m FAIL [22m[49m src/components/changelog/__tests__/ChangelogArchive.test.tsx[2m > [22mChangelogArchive[2m > [22mNormal Coverage (Rendering & Interaction)[2m > [22mshould render empty state when no results
[41m[1m FAIL [22m[49m src/components/changelog/__tests__/ChangelogArchive.test.tsx[2m > [22mChangelogArchive[2m > [22mNormal Coverage (Rendering & Interaction)[2m > [22mshould clear all filters from the top-level button
[41m[1m FAIL [22m[49m src/components/changelog/__tests__/ChangelogArchive.test.tsx[2m > [22mChangelogArchive[2m > [22mAdversarial Scenarios[2m > [22mshould safely render XSS payloads as escaped text, not HTML
[41m[1m FAIL [22m[49m src/components/changelog/__tests__/ChangelogArchive.test.tsx[2m > [22mChangelogArchive[2m > [22mAdversarial Scenarios[2m > [22mshould handle absurdly large diff arrays without crashing (cap at 8)
[41m[1m FAIL [22m[49m src/components/changelog/__tests__/ChangelogArchive.test.tsx[2m > [22mChangelogArchive[2m > [22mAdversarial Scenarios[2m > [22mshould handle rapid filter spam without crashing
[41m[1m FAIL [22m[49m src/components/changelog/__tests__/ChangelogArchive.test.tsx[2m > [22mChangelogArchive[2m > [22mAdversarial Scenarios[2m > [22mshould handle pagination overshoot safely
[41m[1m FAIL [22m[49m src/components/changelog/__tests__/ChangelogArchive.test.tsx[2m > [22mChangelogArchive[2m > [22mAdversarial Scenarios[2m > [22mshould handle empty `diffs` array gracefully (hide expand icon)
[31m[1mReferenceError[22m: IntersectionObserver is not defined[39m
[36m [2m❯[22m src/components/common/ScrollToTop.tsx:[2m21:22[22m[39m
    [90m 19| [39m    [35mif[39m ([33m![39msentinel) [35mreturn[39m[33m;[39m
    [90m 20| [39m
    [90m 21| [39m    [35mconst[39m observer [33m=[39m [35mnew[39m [33mIntersectionObserver[39m(
    [90m   | [39m                     [31m^[39m
    [90m 22| [39m      ([entry]) [33m=>[39m {
    [90m 23| [39m        // Show button when sentinel is NOT intersecting (scrolled pas…
[90m [2m❯[22m Object.react_stack_bottom_frame node_modules/react-dom/cjs/react-dom-client.development.js:[2m25989:20[22m[39m
[90m [2m❯[22m runWithFiberInDEV node_modules/react-dom/cjs/react-dom-client.development.js:[2m874:13[22m[39m
[90m [2m❯[22m commitHookEffectListMount node_modules/react-dom/cjs/react-dom-client.development.js:[2m13249:29[22m[39m
[90m [2m❯[22m commitHookPassiveMountEffects node_modules/react-dom/cjs/react-dom-client.development.js:[2m13336:11[22m[39m
[90m [2m❯[22m commitPassiveMountOnFiber node_modules/react-dom/cjs/react-dom-client.development.js:[2m15484:13[22m[39m
[90m [2m❯[22m recursivelyTraversePassiveMountEffects node_modules/react-dom/cjs/react-dom-client.development.js:[2m15439:11[22m[39m
[90m [2m❯[22m commitPassiveMountOnFiber node_modules/react-dom/cjs/react-dom-client.development.js:[2m15718:11[22m[39m
[90m [2m❯[22m recursivelyTraversePassiveMountEffects node_modules/react-dom/cjs/react-dom-client.development.js:[2m15439:11[22m[39m
[90m [2m❯[22m commitPassiveMountOnFiber node_modules/react-dom/cjs/react-dom-client.development.js:[2m15476:11[22m[39m

[31m[2m⎯⎯⎯⎯⎯⎯⎯⎯⎯⎯⎯⎯⎯⎯⎯⎯⎯⎯⎯⎯⎯⎯⎯[1/15]⎯[22m[39m

[41m[1m FAIL [22m[49m src/components/changelog/__tests__/ChangelogArchive.test.tsx[2m > [22mChangelogArchive[2m > [22mAdversarial Scenarios[2m > [22mshould render safely when patches array is completely empty
[31m[1mAssertionError[22m: expected [Function] to not throw an error but 'ReferenceError: IntersectionObserver …' was thrown[39m

[32m- Expected:[39m 
undefined

[31m+ Received:[39m 
"ReferenceError: IntersectionObserver is not defined"

[36m [2m❯[22m src/components/changelog/__tests__/ChangelogArchive.test.tsx:[2m309:67[22m[39m
    [90m307| [39m      })[33m;[39m
    [90m308| [39m
    [90m309| [39m      expect(() => render(<ChangelogArchive patches={[]} />)).not.toTh…
    [90m   | [39m                                                                  [31m^[39m
    [90m310| [39m      [34mexpect[39m(screen[33m.[39m[34mgetByText[39m([32m"No changes found"[39m))[33m.[39m[34mtoBeDefined[39m()[33m;[39m
    [90m311| [39m    })[33m;[39m

[31m[2m⎯⎯⎯⎯⎯⎯⎯⎯⎯⎯⎯⎯⎯⎯⎯⎯⎯⎯⎯⎯⎯⎯⎯[2/15]⎯[22m[39m


[2m Test Files [22m [1m[31m1 failed[39m[22m[2m | [22m[1m[32m154 passed[39m[22m[2m | [22m[33m1 skipped[39m[90m (156)[39m
[2m      Tests [22m [1m[31m15 failed[39m[22m[2m | [22m[1m[32m1771 passed[39m[22m[2m | [22m[33m1 skipped[39m[90m (1787)[39m
[2m   Start at [22m 04:29:42
[2m   Duration [22m 10.21s[2m (transform 12.09s, setup 21.68s, import 29.42s, tests 11.16s, environment 102.35s)[22m

